2022/10/28 10:31:54 [notice] 1#1: using the "epoll" event method
2022/10/28 10:31:54 [notice] 1#1: nginx/1.21.5
2022/10/28 10:31:54 [notice] 1#1: built by gcc 10.2.1 20210110 (Debian 10.2.1-6) 
2022/10/28 10:31:54 [notice] 1#1: OS: Linux 5.10.25-linuxkit
2022/10/28 10:31:54 [notice] 1#1: getrlimit(RLIMIT_NOFILE): 1048576:1048576
2022/10/28 10:31:54 [notice] 1#1: start worker processes
2022/10/28 10:31:54 [notice] 1#1: start worker process 23
2022/10/28 10:31:54 [notice] 1#1: start worker process 24
2022/10/28 10:31:54 [notice] 1#1: start worker process 25
2022/10/28 10:31:54 [notice] 1#1: start worker process 26
2022/10/28 10:32:22 [notice] 1#1: signal 3 (SIGQUIT) received, shutting down
2022/10/28 10:32:22 [notice] 24#24: gracefully shutting down
2022/10/28 10:32:22 [notice] 23#23: gracefully shutting down
2022/10/28 10:32:22 [notice] 25#25: gracefully shutting down
2022/10/28 10:32:22 [notice] 26#26: gracefully shutting down
2022/10/28 10:32:22 [notice] 26#26: exiting
2022/10/28 10:32:22 [notice] 24#24: exiting
2022/10/28 10:32:22 [notice] 23#23: exiting
2022/10/28 10:32:22 [notice] 25#25: exiting
2022/10/28 10:32:22 [notice] 25#25: exit
2022/10/28 10:32:22 [notice] 26#26: exit
2022/10/28 10:32:22 [notice] 24#24: exit
2022/10/28 10:32:22 [notice] 23#23: exit
2022/10/28 10:32:22 [notice] 1#1: signal 17 (SIGCHLD) received from 25
2022/10/28 10:32:22 [notice] 1#1: worker process 25 exited with code 0
2022/10/28 10:32:22 [notice] 1#1: worker process 24 exited with code 0
2022/10/28 10:32:22 [notice] 1#1: signal 29 (SIGIO) received
2022/10/28 10:32:22 [notice] 1#1: signal 17 (SIGCHLD) received from 24
2022/10/28 10:32:22 [notice] 1#1: worker process 23 exited with code 0
2022/10/28 10:32:22 [notice] 1#1: worker process 26 exited with code 0
2022/10/28 10:32:22 [notice] 1#1: exit
2022/10/28 10:33:14 [notice] 1#1: using the "epoll" event method
2022/10/28 10:33:14 [notice] 1#1: nginx/1.21.5
2022/10/28 10:33:14 [notice] 1#1: built by gcc 10.2.1 20210110 (Debian 10.2.1-6) 
2022/10/28 10:33:14 [notice] 1#1: OS: Linux 5.10.25-linuxkit
2022/10/28 10:33:14 [notice] 1#1: getrlimit(RLIMIT_NOFILE): 1048576:1048576
2022/10/28 10:33:14 [notice] 1#1: start worker processes
2022/10/28 10:33:14 [notice] 1#1: start worker process 23
2022/10/28 10:33:14 [notice] 1#1: start worker process 24
2022/10/28 10:33:14 [notice] 1#1: start worker process 25
2022/10/28 10:33:14 [notice] 1#1: start worker process 26
2022/10/28 10:41:47 [notice] 1#1: signal 3 (SIGQUIT) received, shutting down
2022/10/28 10:41:47 [notice] 23#23: gracefully shutting down
2022/10/28 10:41:47 [notice] 23#23: exiting
2022/10/28 10:41:47 [notice] 25#25: gracefully shutting down
2022/10/28 10:41:47 [notice] 26#26: gracefully shutting down
2022/10/28 10:41:47 [notice] 24#24: gracefully shutting down
2022/10/28 10:41:47 [notice] 23#23: exit
2022/10/28 10:41:47 [notice] 26#26: exiting
2022/10/28 10:41:47 [notice] 25#25: exiting
2022/10/28 10:41:47 [notice] 25#25: exit
2022/10/28 10:41:47 [notice] 24#24: exiting
2022/10/28 10:41:47 [notice] 26#26: exit
2022/10/28 10:41:47 [notice] 24#24: exit
2022/10/28 10:41:47 [notice] 1#1: signal 17 (SIGCHLD) received from 24
2022/10/28 10:41:47 [notice] 1#1: worker process 24 exited with code 0
2022/10/28 10:41:47 [notice] 1#1: worker process 23 exited with code 0
2022/10/28 10:41:47 [notice] 1#1: worker process 25 exited with code 0
2022/10/28 10:41:47 [notice] 1#1: worker process 26 exited with code 0
2022/10/28 10:41:47 [notice] 1#1: exit
2022/10/28 10:43:11 [notice] 1#1: using the "epoll" event method
2022/10/28 10:43:11 [notice] 1#1: nginx/1.21.5
2022/10/28 10:43:11 [notice] 1#1: built by gcc 10.2.1 20210110 (Debian 10.2.1-6) 
2022/10/28 10:43:11 [notice] 1#1: OS: Linux 5.10.25-linuxkit
2022/10/28 10:43:11 [notice] 1#1: getrlimit(RLIMIT_NOFILE): 1048576:1048576
2022/10/28 10:43:11 [notice] 1#1: start worker processes
2022/10/28 10:43:11 [notice] 1#1: start worker process 23
2022/10/28 10:43:11 [notice] 1#1: start worker process 24
2022/10/28 10:43:11 [notice] 1#1: start worker process 25
2022/10/28 10:43:11 [notice] 1#1: start worker process 26
2022/11/02 11:06:15 [notice] 1#1: using the "epoll" event method
2022/11/02 11:06:15 [notice] 1#1: nginx/1.21.5
2022/11/02 11:06:15 [notice] 1#1: built by gcc 10.2.1 20210110 (Debian 10.2.1-6) 
2022/11/02 11:06:15 [notice] 1#1: OS: Linux 5.10.25-linuxkit
2022/11/02 11:06:15 [notice] 1#1: getrlimit(RLIMIT_NOFILE): 1048576:1048576
2022/11/02 11:06:15 [notice] 1#1: start worker processes
2022/11/02 11:06:15 [notice] 1#1: start worker process 23
2022/11/02 11:06:15 [notice] 1#1: start worker process 24
2022/11/02 11:06:15 [notice] 1#1: start worker process 25
2022/11/02 11:06:15 [notice] 1#1: start worker process 26
2022/11/07 09:47:42 [notice] 1#1: using the "epoll" event method
2022/11/07 09:47:42 [notice] 1#1: nginx/1.21.5
2022/11/07 09:47:42 [notice] 1#1: built by gcc 10.2.1 20210110 (Debian 10.2.1-6) 
2022/11/07 09:47:42 [notice] 1#1: OS: Linux 5.10.25-linuxkit
2022/11/07 09:47:42 [notice] 1#1: getrlimit(RLIMIT_NOFILE): 1048576:1048576
2022/11/07 09:47:42 [notice] 1#1: start worker processes
2022/11/07 09:47:42 [notice] 1#1: start worker process 23
2022/11/07 09:47:42 [notice] 1#1: start worker process 24
2022/11/07 09:47:42 [notice] 1#1: start worker process 25
2022/11/07 09:47:42 [notice] 1#1: start worker process 26
2022/11/16 16:29:55 [notice] 1#1: using the "epoll" event method
2022/11/16 16:29:55 [notice] 1#1: nginx/1.21.5
2022/11/16 16:29:55 [notice] 1#1: built by gcc 10.2.1 20210110 (Debian 10.2.1-6) 
2022/11/16 16:29:55 [notice] 1#1: OS: Linux 5.10.25-linuxkit
2022/11/16 16:29:55 [notice] 1#1: getrlimit(RLIMIT_NOFILE): 1048576:1048576
2022/11/16 16:29:55 [notice] 1#1: start worker processes
2022/11/16 16:29:55 [notice] 1#1: start worker process 24
2022/11/16 16:29:55 [notice] 1#1: start worker process 25
2022/11/16 16:29:55 [notice] 1#1: start worker process 26
2022/11/16 16:29:55 [notice] 1#1: start worker process 27
2022/12/01 15:10:28 [notice] 1#1: using the "epoll" event method
2022/12/01 15:10:28 [notice] 1#1: nginx/1.21.5
2022/12/01 15:10:28 [notice] 1#1: built by gcc 10.2.1 20210110 (Debian 10.2.1-6) 
2022/12/01 15:10:28 [notice] 1#1: OS: Linux 5.10.25-linuxkit
2022/12/01 15:10:28 [notice] 1#1: getrlimit(RLIMIT_NOFILE): 1048576:1048576
2022/12/01 15:10:28 [notice] 1#1: start worker processes
2022/12/01 15:10:28 [notice] 1#1: start worker process 24
2022/12/01 15:10:28 [notice] 1#1: start worker process 25
2022/12/01 15:10:28 [notice] 1#1: start worker process 26
2022/12/01 15:10:28 [notice] 1#1: start worker process 27
2022/12/05 16:57:46 [notice] 1#1: using the "epoll" event method
2022/12/05 16:57:46 [notice] 1#1: nginx/1.21.5
2022/12/05 16:57:46 [notice] 1#1: built by gcc 10.2.1 20210110 (Debian 10.2.1-6) 
2022/12/05 16:57:46 [notice] 1#1: OS: Linux 5.10.25-linuxkit
2022/12/05 16:57:46 [notice] 1#1: getrlimit(RLIMIT_NOFILE): 1048576:1048576
2022/12/05 16:57:46 [notice] 1#1: start worker processes
2022/12/05 16:57:46 [notice] 1#1: start worker process 25
2022/12/05 16:57:46 [notice] 1#1: start worker process 26
2022/12/05 16:57:46 [notice] 1#1: start worker process 27
2022/12/05 16:57:46 [notice] 1#1: start worker process 28
2022/12/12 08:55:23 [notice] 1#1: using the "epoll" event method
2022/12/12 08:55:23 [notice] 1#1: nginx/1.21.5
2022/12/12 08:55:23 [notice] 1#1: built by gcc 10.2.1 20210110 (Debian 10.2.1-6) 
2022/12/12 08:55:23 [notice] 1#1: OS: Linux 5.10.25-linuxkit
2022/12/12 08:55:23 [notice] 1#1: getrlimit(RLIMIT_NOFILE): 1048576:1048576
2022/12/12 08:55:23 [notice] 1#1: start worker processes
2022/12/12 08:55:23 [notice] 1#1: start worker process 23
2022/12/12 08:55:23 [notice] 1#1: start worker process 24
2022/12/12 08:55:23 [notice] 1#1: start worker process 25
2022/12/12 08:55:23 [notice] 1#1: start worker process 26
2022/12/23 08:59:43 [notice] 1#1: using the "epoll" event method
2022/12/23 08:59:43 [notice] 1#1: nginx/1.21.5
2022/12/23 08:59:43 [notice] 1#1: built by gcc 10.2.1 20210110 (Debian 10.2.1-6) 
2022/12/23 08:59:43 [notice] 1#1: OS: Linux 5.10.25-linuxkit
2022/12/23 08:59:43 [notice] 1#1: getrlimit(RLIMIT_NOFILE): 1048576:1048576
2022/12/23 08:59:43 [notice] 1#1: start worker processes
2022/12/23 08:59:43 [notice] 1#1: start worker process 23
2022/12/23 08:59:43 [notice] 1#1: start worker process 24
2022/12/23 08:59:43 [notice] 1#1: start worker process 25
2022/12/23 08:59:43 [notice] 1#1: start worker process 26
2022/12/31 09:04:20 [notice] 1#1: using the "epoll" event method
2022/12/31 09:04:20 [notice] 1#1: nginx/1.21.5
2022/12/31 09:04:20 [notice] 1#1: built by gcc 10.2.1 20210110 (Debian 10.2.1-6) 
2022/12/31 09:04:20 [notice] 1#1: OS: Linux 5.10.25-linuxkit
2022/12/31 09:04:20 [notice] 1#1: getrlimit(RLIMIT_NOFILE): 1048576:1048576
2022/12/31 09:04:20 [notice] 1#1: start worker processes
2022/12/31 09:04:20 [notice] 1#1: start worker process 25
2022/12/31 09:04:20 [notice] 1#1: start worker process 26
2022/12/31 09:04:20 [notice] 1#1: start worker process 27
2022/12/31 09:04:20 [notice] 1#1: start worker process 28
2023/01/03 09:38:50 [notice] 1#1: using the "epoll" event method
2023/01/03 09:38:50 [notice] 1#1: nginx/1.21.5
2023/01/03 09:38:50 [notice] 1#1: built by gcc 10.2.1 20210110 (Debian 10.2.1-6) 
2023/01/03 09:38:50 [notice] 1#1: OS: Linux 5.10.25-linuxkit
2023/01/03 09:38:50 [notice] 1#1: getrlimit(RLIMIT_NOFILE): 1048576:1048576
2023/01/03 09:38:50 [notice] 1#1: start worker processes
2023/01/03 09:38:50 [notice] 1#1: start worker process 23
2023/01/03 09:38:50 [notice] 1#1: start worker process 24
2023/01/03 09:38:50 [notice] 1#1: start worker process 25
2023/01/03 09:38:50 [notice] 1#1: start worker process 26
2023/01/10 09:36:50 [notice] 1#1: using the "epoll" event method
2023/01/10 09:36:50 [notice] 1#1: nginx/1.21.5
2023/01/10 09:36:50 [notice] 1#1: built by gcc 10.2.1 20210110 (Debian 10.2.1-6) 
2023/01/10 09:36:50 [notice] 1#1: OS: Linux 5.10.25-linuxkit
2023/01/10 09:36:50 [notice] 1#1: getrlimit(RLIMIT_NOFILE): 1048576:1048576
2023/01/10 09:36:50 [notice] 1#1: start worker processes
2023/01/10 09:36:50 [notice] 1#1: start worker process 23
2023/01/10 09:36:50 [notice] 1#1: start worker process 24
2023/01/10 09:36:50 [notice] 1#1: start worker process 25
2023/01/10 09:36:50 [notice] 1#1: start worker process 26
2023/01/28 09:19:31 [notice] 1#1: using the "epoll" event method
2023/01/28 09:19:31 [notice] 1#1: nginx/1.21.5
2023/01/28 09:19:31 [notice] 1#1: built by gcc 10.2.1 20210110 (Debian 10.2.1-6) 
2023/01/28 09:19:31 [notice] 1#1: OS: Linux 5.10.25-linuxkit
2023/01/28 09:19:31 [notice] 1#1: getrlimit(RLIMIT_NOFILE): 1048576:1048576
2023/01/28 09:19:31 [notice] 1#1: start worker processes
2023/01/28 09:19:31 [notice] 1#1: start worker process 22
2023/01/28 09:19:31 [notice] 1#1: start worker process 23
2023/01/28 09:19:31 [notice] 1#1: start worker process 24
2023/01/28 09:19:31 [notice] 1#1: start worker process 25
2023/01/29 09:02:57 [notice] 1#1: using the "epoll" event method
2023/01/29 09:02:57 [notice] 1#1: nginx/1.21.5
2023/01/29 09:02:57 [notice] 1#1: built by gcc 10.2.1 20210110 (Debian 10.2.1-6) 
2023/01/29 09:02:57 [notice] 1#1: OS: Linux 5.10.25-linuxkit
2023/01/29 09:02:57 [notice] 1#1: getrlimit(RLIMIT_NOFILE): 1048576:1048576
2023/01/29 09:02:57 [notice] 1#1: start worker processes
2023/01/29 09:02:57 [notice] 1#1: start worker process 23
2023/01/29 09:02:57 [notice] 1#1: start worker process 24
2023/01/29 09:02:57 [notice] 1#1: start worker process 25
2023/01/29 09:02:57 [notice] 1#1: start worker process 26
2023/02/02 09:01:22 [notice] 1#1: using the "epoll" event method
2023/02/02 09:01:22 [notice] 1#1: nginx/1.21.5
2023/02/02 09:01:22 [notice] 1#1: built by gcc 10.2.1 20210110 (Debian 10.2.1-6) 
2023/02/02 09:01:22 [notice] 1#1: OS: Linux 5.10.25-linuxkit
2023/02/02 09:01:22 [notice] 1#1: getrlimit(RLIMIT_NOFILE): 1048576:1048576
2023/02/02 09:01:22 [notice] 1#1: start worker processes
2023/02/02 09:01:22 [notice] 1#1: start worker process 22
2023/02/02 09:01:22 [notice] 1#1: start worker process 23
2023/02/02 09:01:22 [notice] 1#1: start worker process 24
2023/02/02 09:01:22 [notice] 1#1: start worker process 25
2023/02/09 09:35:02 [notice] 1#1: using the "epoll" event method
2023/02/09 09:35:02 [notice] 1#1: nginx/1.21.5
2023/02/09 09:35:02 [notice] 1#1: built by gcc 10.2.1 20210110 (Debian 10.2.1-6) 
2023/02/09 09:35:02 [notice] 1#1: OS: Linux 5.10.25-linuxkit
2023/02/09 09:35:02 [notice] 1#1: getrlimit(RLIMIT_NOFILE): 1048576:1048576
2023/02/09 09:35:02 [notice] 1#1: start worker processes
2023/02/09 09:35:02 [notice] 1#1: start worker process 24
2023/02/09 09:35:02 [notice] 1#1: start worker process 25
2023/02/09 09:35:02 [notice] 1#1: start worker process 26
2023/02/09 09:35:02 [notice] 1#1: start worker process 27
2023/02/16 15:39:50 [notice] 1#1: using the "epoll" event method
2023/02/16 15:39:50 [notice] 1#1: nginx/1.21.5
2023/02/16 15:39:50 [notice] 1#1: built by gcc 10.2.1 20210110 (Debian 10.2.1-6) 
2023/02/16 15:39:50 [notice] 1#1: OS: Linux 5.10.25-linuxkit
2023/02/16 15:39:50 [notice] 1#1: getrlimit(RLIMIT_NOFILE): 1048576:1048576
2023/02/16 15:39:50 [notice] 1#1: start worker processes
2023/02/16 15:39:50 [notice] 1#1: start worker process 23
2023/02/16 15:39:50 [notice] 1#1: start worker process 24
2023/02/16 15:39:50 [notice] 1#1: start worker process 25
2023/02/16 15:39:50 [notice] 1#1: start worker process 26
2023/02/20 09:08:41 [notice] 1#1: using the "epoll" event method
2023/02/20 09:08:41 [notice] 1#1: nginx/1.21.5
2023/02/20 09:08:41 [notice] 1#1: built by gcc 10.2.1 20210110 (Debian 10.2.1-6) 
2023/02/20 09:08:41 [notice] 1#1: OS: Linux 5.10.25-linuxkit
2023/02/20 09:08:41 [notice] 1#1: getrlimit(RLIMIT_NOFILE): 1048576:1048576
2023/02/20 09:08:41 [notice] 1#1: start worker processes
2023/02/20 09:08:41 [notice] 1#1: start worker process 25
2023/02/20 09:08:41 [notice] 1#1: start worker process 26
2023/02/20 09:08:41 [notice] 1#1: start worker process 27
2023/02/20 09:08:41 [notice] 1#1: start worker process 28
2023/02/21 09:10:20 [notice] 1#1: using the "epoll" event method
2023/02/21 09:10:20 [notice] 1#1: nginx/1.21.5
2023/02/21 09:10:20 [notice] 1#1: built by gcc 10.2.1 20210110 (Debian 10.2.1-6) 
2023/02/21 09:10:20 [notice] 1#1: OS: Linux 5.10.25-linuxkit
2023/02/21 09:10:20 [notice] 1#1: getrlimit(RLIMIT_NOFILE): 1048576:1048576
2023/02/21 09:10:20 [notice] 1#1: start worker processes
2023/02/21 09:10:20 [notice] 1#1: start worker process 22
2023/02/21 09:10:20 [notice] 1#1: start worker process 23
2023/02/21 09:10:20 [notice] 1#1: start worker process 24
2023/02/21 09:10:20 [notice] 1#1: start worker process 25
2023/02/23 11:14:17 [notice] 1#1: using the "epoll" event method
2023/02/23 11:14:17 [notice] 1#1: nginx/1.21.5
2023/02/23 11:14:17 [notice] 1#1: built by gcc 10.2.1 20210110 (Debian 10.2.1-6) 
2023/02/23 11:14:17 [notice] 1#1: OS: Linux 5.10.25-linuxkit
2023/02/23 11:14:17 [notice] 1#1: getrlimit(RLIMIT_NOFILE): 1048576:1048576
2023/02/23 11:14:17 [notice] 1#1: start worker processes
2023/02/23 11:14:17 [notice] 1#1: start worker process 23
2023/02/23 11:14:17 [notice] 1#1: start worker process 24
2023/02/23 11:14:17 [notice] 1#1: start worker process 25
2023/02/23 11:14:17 [notice] 1#1: start worker process 26
2023/02/25 10:01:09 [notice] 1#1: using the "epoll" event method
2023/02/25 10:01:09 [notice] 1#1: nginx/1.21.5
2023/02/25 10:01:09 [notice] 1#1: built by gcc 10.2.1 20210110 (Debian 10.2.1-6) 
2023/02/25 10:01:09 [notice] 1#1: OS: Linux 5.10.25-linuxkit
2023/02/25 10:01:09 [notice] 1#1: getrlimit(RLIMIT_NOFILE): 1048576:1048576
2023/02/25 10:01:09 [notice] 1#1: start worker processes
2023/02/25 10:01:09 [notice] 1#1: start worker process 23
2023/02/25 10:01:09 [notice] 1#1: start worker process 24
2023/02/25 10:01:09 [notice] 1#1: start worker process 25
2023/02/25 10:01:09 [notice] 1#1: start worker process 26
2023/02/28 11:25:48 [notice] 1#1: using the "epoll" event method
2023/02/28 11:25:48 [notice] 1#1: nginx/1.21.5
2023/02/28 11:25:48 [notice] 1#1: built by gcc 10.2.1 20210110 (Debian 10.2.1-6) 
2023/02/28 11:25:48 [notice] 1#1: OS: Linux 5.10.25-linuxkit
2023/02/28 11:25:48 [notice] 1#1: getrlimit(RLIMIT_NOFILE): 1048576:1048576
2023/02/28 11:25:48 [notice] 1#1: start worker processes
2023/02/28 11:25:48 [notice] 1#1: start worker process 23
2023/02/28 11:25:48 [notice] 1#1: start worker process 24
2023/02/28 11:25:48 [notice] 1#1: start worker process 25
2023/02/28 11:25:48 [notice] 1#1: start worker process 26
2023/03/06 17:08:06 [notice] 1#1: using the "epoll" event method
2023/03/06 17:08:06 [notice] 1#1: nginx/1.21.5
2023/03/06 17:08:06 [notice] 1#1: built by gcc 10.2.1 20210110 (Debian 10.2.1-6) 
2023/03/06 17:08:06 [notice] 1#1: OS: Linux 5.10.25-linuxkit
2023/03/06 17:08:06 [notice] 1#1: getrlimit(RLIMIT_NOFILE): 1048576:1048576
2023/03/06 17:08:06 [notice] 1#1: start worker processes
2023/03/06 17:08:06 [notice] 1#1: start worker process 22
2023/03/06 17:08:06 [notice] 1#1: start worker process 23
2023/03/06 17:08:06 [notice] 1#1: start worker process 24
2023/03/06 17:08:06 [notice] 1#1: start worker process 25
2023/03/10 11:40:38 [notice] 1#1: using the "epoll" event method
2023/03/10 11:40:38 [notice] 1#1: nginx/1.21.5
2023/03/10 11:40:38 [notice] 1#1: built by gcc 10.2.1 20210110 (Debian 10.2.1-6) 
2023/03/10 11:40:38 [notice] 1#1: OS: Linux 5.10.25-linuxkit
2023/03/10 11:40:38 [notice] 1#1: getrlimit(RLIMIT_NOFILE): 1048576:1048576
2023/03/10 11:40:38 [notice] 1#1: start worker processes
2023/03/10 11:40:38 [notice] 1#1: start worker process 22
2023/03/10 11:40:38 [notice] 1#1: start worker process 23
2023/03/10 11:40:38 [notice] 1#1: start worker process 24
2023/03/10 11:40:38 [notice] 1#1: start worker process 25
